2021-09-24 09:15:34.306:取得Socket Location設定清冊失敗：Authentication to host '127.0.0.1' for user 'root' using method 'mysql_native_password' failed with message: Access denied for user 'root'@'localhost' (using password: YES)
2021-09-24 09:18:16.340:當前連結數量：0
2021-09-24 09:18:16.341:等待客戶端的連結：
2021-09-24 09:20:21.866:10.3.9.121:51325 連線成功！
2021-09-24 09:20:21.870:當前連結數量：0
2021-09-24 09:20:21.871:等待客戶端的連結：
2021-09-24 09:21:06.811:遠端主機已強制關閉一個現存的連線。
2021-09-24 09:25:28.501:當前連結數量：0
2021-09-24 09:25:28.502:等待客戶端的連結：
2021-09-24 09:26:21.247:10.3.9.121:51426 連線成功！
2021-09-24 09:26:21.254:當前連結數量：0
2021-09-24 09:26:21.254:等待客戶端的連結：
2021-09-24 09:26:57.922:遠端主機已強制關閉一個現存的連線。
2021-09-24 09:36:15.613:當前連結數量：0
2021-09-24 09:36:15.613:等待客戶端的連結：
2021-09-24 09:39:43.230:10.3.9.121:51579 連線成功！
2021-09-24 09:39:43.236:當前連結數量：1
2021-09-24 09:39:43.236:等待客戶端的連結：
2021-09-24 09:40:09.285:遠端主機已強制關閉一個現存的連線。
2021-09-24 09:42:01.453:當前連結數量：0
2021-09-24 09:42:01.453:等待客戶端的連結：
2021-09-24 09:42:42.854:10.3.9.121:51657 連線成功！
2021-09-24 09:42:42.862:當前連結數量：1
2021-09-24 09:42:42.864:等待客戶端的連結：
2021-09-24 09:42:42.872:遠端主機已強制關閉一個現存的連線。
2021-09-24 09:42:42.882:遠端主機已強制關閉一個現存的連線。
2021-09-24 09:44:55.344:當前連結數量：0
2021-09-24 09:44:55.345:等待客戶端的連結：
2021-09-24 09:45:22.540:10.3.9.121:51706 連線成功！
2021-09-24 09:45:22.545:當前連結數量：1
2021-09-24 09:45:22.546:等待客戶端的連結：
2021-09-24 09:45:22.553:遠端主機已強制關閉一個現存的連線。
2021-09-24 09:45:22.562:遠端主機已強制關閉一個現存的連線。
2021-09-24 09:45:22.568:遠端主機已強制關閉一個現存的連線。
2021-09-24 09:45:22.575:遠端主機已強制關閉一個現存的連線。
2021-09-24 09:45:22.580:遠端主機已強制關閉一個現存的連線。
2021-09-24 09:45:22.584:遠端主機已強制關閉一個現存的連線。
2021-09-24 09:45:22.589:遠端主機已強制關閉一個現存的連線。
2021-09-24 09:45:22.593:遠端主機已強制關閉一個現存的連線。
2021-09-24 09:45:22.597:遠端主機已強制關閉一個現存的連線。
2021-09-24 09:45:22.601:遠端主機已強制關閉一個現存的連線。
2021-09-24 09:45:22.606:遠端主機已強制關閉一個現存的連線。
2021-09-24 09:45:22.610:遠端主機已強制關閉一個現存的連線。
2021-09-24 09:45:22.614:遠端主機已強制關閉一個現存的連線。
2021-09-24 09:45:22.618:遠端主機已強制關閉一個現存的連線。
2021-09-24 09:45:22.623:遠端主機已強制關閉一個現存的連線。
2021-09-24 09:46:49.147:當前連結數量：0
2021-09-24 09:46:49.148:等待客戶端的連結：
2021-09-24 09:47:05.126:10.3.9.121:51802 連線成功！
2021-09-24 09:47:05.135:當前連結數量：1
2021-09-24 09:47:05.135:等待客戶端的連結：
2021-09-24 09:47:05.142:遠端主機已強制關閉一個現存的連線。
2021-09-24 09:47:05.148:遠端主機已強制關閉一個現存的連線。
2021-09-24 09:47:05.180:遠端主機已強制關閉一個現存的連線。
2021-09-24 09:48:10.168:當前連結數量：0
2021-09-24 09:48:10.168:等待客戶端的連結：
2021-09-24 09:48:15.371:10.3.9.121:51822 連線成功！
2021-09-24 09:48:15.378:當前連結數量：1
2021-09-24 09:48:15.379:等待客戶端的連結：
2021-09-24 09:48:15.385:遠端主機已強制關閉一個現存的連線。
2021-09-24 09:48:15.401:遠端主機已強制關閉一個現存的連線。
2021-09-24 09:48:20.860:10.3.9.121:51825 連線成功！
2021-09-24 09:48:20.866:當前連結數量：2
2021-09-24 09:48:20.867:等待客戶端的連結：
2021-09-24 09:48:20.872:遠端主機已強制關閉一個現存的連線。
2021-09-24 09:48:20.882:遠端主機已強制關閉一個現存的連線。
2021-09-24 09:48:36.316:10.3.9.121:51827 連線成功！
2021-09-24 09:48:36.322:當前連結數量：3
2021-09-24 09:48:36.323:等待客戶端的連結：
2021-09-24 09:48:36.327:遠端主機已強制關閉一個現存的連線。
2021-09-24 09:48:36.338:遠端主機已強制關閉一個現存的連線。
