2021-09-23 11:32:44.742:創立Socket InterNetwork
2021-09-23 11:32:44.743:當前連結數量：0
2021-09-23 11:32:44.744:當前連結數量：0
2021-09-23 11:32:44.744:等待客戶端的連結：
2021-09-23 11:33:10.829:10.3.9.121:50593 連線成功！
2021-09-23 11:33:10.831:當前連結數量：0
2021-09-23 11:33:10.833:等待客戶端的連結：
2021-09-23 11:33:10.835:P1109242-00-C line1 10.3.9.121 IN
2021-09-23 11:33:10.851:呼叫執行緒無法存取此物件，因為此物件屬於另一個執行緒。
2021-09-23 11:36:20.772:創立Socket InterNetwork
2021-09-23 11:36:20.772:當前連結數量：0
2021-09-23 11:36:20.773:當前連結數量：0
2021-09-23 11:36:20.774:等待客戶端的連結：
2021-09-23 11:36:25.628:10.3.9.121:60540 連線成功！
2021-09-23 11:36:25.631:當前連結數量：0
2021-09-23 11:36:25.633:等待客戶端的連結：
2021-09-23 11:36:25.653:呼叫執行緒無法存取此物件，因為此物件屬於另一個執行緒。
2021-09-23 11:42:12.401:創立Socket InterNetwork
2021-09-23 11:42:12.402:當前連結數量：0
2021-09-23 11:42:12.406:當前連結數量：0
2021-09-23 11:42:12.408:等待客戶端的連結：
2021-09-23 11:42:16.460:10.3.9.121:61909 連線成功！
2021-09-23 11:42:16.462:當前連結數量：0
2021-09-23 11:42:16.466:等待客戶端的連結：
2021-09-23 11:42:16.467:P1109242-00-C line1 10.3.9.121 IN
2021-09-23 11:43:06.118:遠端主機已強制關閉一個現存的連線。
